0 info it worked if it ends with ok
1 verbose cli [ 'C:\\Program Files\\nodejs\\node.exe',
1 verbose cli   'C:\\Program Files\\nodejs\\node_modules\\npm\\bin\\npm-cli.js',
1 verbose cli   'run',
1 verbose cli   'test-win' ]
2 info using npm@3.10.10
3 info using node@v6.11.1
4 verbose run-script [ 'pretest-win', 'test-win', 'posttest-win' ]
5 info lifecycle lab-nathan@1.0.0~pretest-win: lab-nathan@1.0.0
6 silly lifecycle lab-nathan@1.0.0~pretest-win: no script for pretest-win, continuing
7 info lifecycle lab-nathan@1.0.0~test-win: lab-nathan@1.0.0
8 verbose lifecycle lab-nathan@1.0.0~test-win: unsafe-perm in lifecycle true
9 verbose lifecycle lab-nathan@1.0.0~test-win: PATH: C:\Users\natha\AppData\Roaming\nvm\v6.11.1\node_modules\npm\bin\node-gyp-bin;C:\Users\natha\dev\codefellows\labs\17-bearer-auth\lab-nathan\node_modules\.bin;C:\Program Files\Microsoft MPI\Bin\;C:\WINDOWS\system32;C:\WINDOWS;C:\WINDOWS\System32\Wbem;C:\WINDOWS\System32\WindowsPowerShell\v1.0\;C:\Program Files (x86)\NVIDIA Corporation\PhysX\Common;C:\Program Files\Microsoft SQL Server\130\Tools\Binn\;C:\Program Files\dotnet\;C:\Program Files (x86)\Microsoft SQL Server\130\Tools\Binn\;C:\Program Files (x86)\Microsoft SQL Server\130\DTS\Binn\;C:\Program Files\Microsoft SQL Server\130\DTS\Binn\;C:\Program Files\Microsoft SQL Server\Client SDK\ODBC\130\Tools\Binn\;C:\Program Files (x86)\Microsoft SQL Server\Client SDK\ODBC\130\Tools\Binn\;C:\Program Files (x86)\Microsoft SQL Server\140\Tools\Binn\;C:\Program Files (x86)\Microsoft SQL Server\140\DTS\Binn\;C:\Program Files (x86)\Microsoft SQL Server\140\Tools\Binn\ManagementStudio\;C:\Program Files\PostgreSQL\9.6\bin\;C:\Program Files\MiKTeX 2.9\miktex\bin\x64\;C:\Program Files\Git\cmd;C:\Program Files\Heroku\bin;C:\Users\natha\AppData\Roaming\nvm;C:\Program Files\nodejs;C:\ProgramData\chocolatey\bin;C:\Program Files\nodejs\;C:\Program Files (x86)\Yarn\bin;C:\Strawberry\c\bin;C:\Strawberry\perl\site\bin;C:\Strawberry\perl\bin;C:\Program Files\PuTTY\;C:\Program Files\MongoDB\Server\3.4\bin;C:\Program Files (x86)\Windows Kits\10\Windows Performance Toolkit\;C:\Users\natha\AppData\Local\Programs\Python\Python36\Scripts\;C:\Users\natha\AppData\Local\Programs\Python\Python36\;C:\Ruby24-x64\bin;C:\Users\natha\AppData\Local\Microsoft\WindowsApps;C:\Users\natha\AppData\Local\atom\bin;C:\Program Files (x86)\Microsoft VS Code\bin;C:\Program Files\Heroku\bin;C:\Users\natha\AppData\Roaming\nvm;C:\Program Files\nodejs;C:\Users\natha\AppData\Roaming\npm;C:\Users\natha\AppData\Local\Yarn\bin;C:\Program Files\7-Zip;
10 verbose lifecycle lab-nathan@1.0.0~test-win: CWD: C:\Users\natha\dev\codefellows\labs\17-bearer-auth\lab-nathan
11 silly lifecycle lab-nathan@1.0.0~test-win: Args: [ '/d /s /c', 'SET DEBUG=authentication-server* && mocha' ]
12 silly lifecycle lab-nathan@1.0.0~test-win: Returned: code: 2  signal: null
13 info lifecycle lab-nathan@1.0.0~test-win: Failed to exec test-win script
14 verbose stack Error: lab-nathan@1.0.0 test-win: `SET DEBUG=authentication-server* && mocha`
14 verbose stack Exit status 2
14 verbose stack     at EventEmitter.<anonymous> (C:\Users\natha\AppData\Roaming\nvm\v6.11.1\node_modules\npm\lib\utils\lifecycle.js:255:16)
14 verbose stack     at emitTwo (events.js:106:13)
14 verbose stack     at EventEmitter.emit (events.js:191:7)
14 verbose stack     at ChildProcess.<anonymous> (C:\Users\natha\AppData\Roaming\nvm\v6.11.1\node_modules\npm\lib\utils\spawn.js:40:14)
14 verbose stack     at emitTwo (events.js:106:13)
14 verbose stack     at ChildProcess.emit (events.js:191:7)
14 verbose stack     at maybeClose (internal/child_process.js:891:16)
14 verbose stack     at Process.ChildProcess._handle.onexit (internal/child_process.js:226:5)
15 verbose pkgid lab-nathan@1.0.0
16 verbose cwd C:\Users\natha\dev\codefellows\labs\17-bearer-auth\lab-nathan
17 error Windows_NT 10.0.15063
18 error argv "C:\\Program Files\\nodejs\\node.exe" "C:\\Program Files\\nodejs\\node_modules\\npm\\bin\\npm-cli.js" "run" "test-win"
19 error node v6.11.1
20 error npm  v3.10.10
21 error code ELIFECYCLE
22 error lab-nathan@1.0.0 test-win: `SET DEBUG=authentication-server* && mocha`
22 error Exit status 2
23 error Failed at the lab-nathan@1.0.0 test-win script 'SET DEBUG=authentication-server* && mocha'.
23 error Make sure you have the latest version of node.js and npm installed.
23 error If you do, this is most likely a problem with the lab-nathan package,
23 error not with npm itself.
23 error Tell the author that this fails on your system:
23 error     SET DEBUG=authentication-server* && mocha
23 error You can get information on how to open an issue for this project with:
23 error     npm bugs lab-nathan
23 error Or if that isn't available, you can get their info via:
23 error     npm owner ls lab-nathan
23 error There is likely additional logging output above.
24 verbose exit [ 1, true ]
